<?xml version="1.0" encoding="UTF-8"?>
<!-- Generated by org.testng.reporters.JUnitXMLReporter -->
<testsuite ignored="26" hostname="Enthrall_IT" failures="0" tests="1" name="Default test" time="23.137" errors="0" timestamp="2023-11-14T21:42:58 EST">
  <testcase classname="pagesTest.HomePageTest" name="use_of_isEnabled_in_login_button02" time="16.365"/>
  <testcase classname="pagesTest.HomePageTest" name="use_of_partialLinkText_as_locator_in_forgot_password_hyperlink" time="0.0">
    <ignored/>
  </testcase> <!-- use_of_partialLinkText_as_locator_in_forgot_password_hyperlink -->
  <testcase classname="pagesTest.HomePageTest" name="role2_use_of_cssSelector_as_locator_in_login_button" time="0.0">
    <ignored/>
  </testcase> <!-- role2_use_of_cssSelector_as_locator_in_login_button -->
  <testcase classname="pagesTest.HomePageTest" name="role5_use_of_cssSelector_as_locator_in_login_button" time="0.0">
    <ignored/>
  </testcase> <!-- role5_use_of_cssSelector_as_locator_in_login_button -->
  <testcase classname="pagesTest.HomePageTest" name="use_of_isSelected_in_radio_button" time="0.0">
    <ignored/>
  </testcase> <!-- use_of_isSelected_in_radio_button -->
  <testcase classname="pagesTest.HomePageTest" name="clickLogoTest" time="0.0">
    <ignored/>
  </testcase> <!-- clickLogoTest -->
  <testcase classname="pagesTest.HomePageTest" name="use_of_xpath_as_locator_in_new_user_registration_button" time="0.0">
    <ignored/>
  </testcase> <!-- use_of_xpath_as_locator_in_new_user_registration_button -->
  <testcase classname="pagesTest.HomePageTest" name="use_of_isSelected_in_check_box" time="0.0">
    <ignored/>
  </testcase> <!-- use_of_isSelected_in_check_box -->
  <testcase classname="pagesTest.HomePageTest" name="clickLoginButtonTest" time="0.0">
    <ignored/>
  </testcase> <!-- clickLoginButtonTest -->
  <testcase classname="pagesTest.HomePageTest" name="inputTextInUserIdFieldTest" time="0.0">
    <ignored/>
  </testcase> <!-- inputTextInUserIdFieldTest -->
  <testcase classname="pagesTest.HomePageTest" name="role6_use_of_cssSelector_as_locator_in_login_button" time="0.0">
    <ignored/>
  </testcase> <!-- role6_use_of_cssSelector_as_locator_in_login_button -->
  <testcase classname="pagesTest.HomePageTest" name="nullPointerExceptionTest" time="0.0">
    <ignored/>
  </testcase> <!-- nullPointerExceptionTest -->
  <testcase classname="pagesTest.HomePageTest" name="use_of_tagName_as_locator" time="0.0">
    <ignored/>
  </testcase> <!-- use_of_tagName_as_locator -->
  <testcase classname="pagesTest.HomePageTest" name="use_of_isEnabled_in_login_button" time="0.0">
    <ignored/>
  </testcase> <!-- use_of_isEnabled_in_login_button -->
  <testcase classname="pagesTest.HomePageTest" name="role4_use_of_cssSelector_as_locator_in_login_button" time="0.0">
    <ignored/>
  </testcase> <!-- role4_use_of_cssSelector_as_locator_in_login_button -->
  <testcase classname="pagesTest.HomePageTest" name="role1_use_of_cssSelector_as_locator_in_new_user_registration_button" time="0.0">
    <ignored/>
  </testcase> <!-- role1_use_of_cssSelector_as_locator_in_new_user_registration_button -->
  <testcase classname="pagesTest.HomePageTest" name="clickUnlockTest" time="0.0">
    <ignored/>
  </testcase> <!-- clickUnlockTest -->
  <testcase classname="pagesTest.HomePageTest" name="clickPasswordTest" time="0.0">
    <ignored/>
  </testcase> <!-- clickPasswordTest -->
  <testcase classname="pagesTest.HomePageTest" name="use_of_isDisplayed_in_logo_image" time="0.0">
    <ignored/>
  </testcase> <!-- use_of_isDisplayed_in_logo_image -->
  <testcase classname="pagesTest.HomePageTest" name="inputTextInUserIdAndPasswordFieldThenClickLoginButtonTest" time="0.0">
    <ignored/>
  </testcase> <!-- inputTextInUserIdAndPasswordFieldThenClickLoginButtonTest -->
  <testcase classname="pagesTest.HomePageTest" name="use_of_linkText_as_locator_in_forgot_user_id_hyperlink" time="0.0">
    <ignored/>
  </testcase> <!-- use_of_linkText_as_locator_in_forgot_user_id_hyperlink -->
  <testcase classname="pagesTest.HomePageTest" name="role3_use_of_cssSelector_as_locator_in_logo" time="0.0">
    <ignored/>
  </testcase> <!-- role3_use_of_cssSelector_as_locator_in_logo -->
  <testcase classname="pagesTest.HomePageTest" name="clickUserIdTest" time="0.0">
    <ignored/>
  </testcase> <!-- clickUserIdTest -->
  <testcase classname="pagesTest.HomePageTest" name="clickWrongNewUserIdTest" time="0.0">
    <ignored/>
  </testcase> <!-- clickWrongNewUserIdTest -->
  <testcase classname="pagesTest.HomePageTest" name="clickNewUserRegistrationTest" time="0.0">
    <ignored/>
  </testcase> <!-- clickNewUserRegistrationTest -->
  <testcase classname="pagesTest.HomePageTest" name="why_we_use_cssSelector_as_locator_in_logo" time="0.0">
    <ignored/>
  </testcase> <!-- why_we_use_cssSelector_as_locator_in_logo -->
  <testcase classname="pagesTest.HomePageTest" name="clickForgotUserIdTest" time="0.0">
    <ignored/>
  </testcase> <!-- clickForgotUserIdTest -->
</testsuite> <!-- Default test -->
