<?xml version="1.0" encoding="UTF-8"?>
<!-- Generated by org.testng.reporters.JUnitXMLReporter -->
<testsuite ignored="4" hostname="Enthrall_IT" failures="0" tests="1" name="Default test" time="10.998" errors="0" timestamp="2023-11-07T21:37:44 EST">
  <testcase classname="pagesTest.HomePageTest" name="clickLogoTest" time="1.046"/>
  <testcase classname="pagesTest.HomePageTest" name="clickUserIdTest" time="0.0">
    <ignored/>
  </testcase> <!-- clickUserIdTest -->
  <testcase classname="pagesTest.HomePageTest" name="clickNewUserRegistrationTest" time="0.0">
    <ignored/>
  </testcase> <!-- clickNewUserRegistrationTest -->
  <testcase classname="pagesTest.HomePageTest" name="clickPasswordTest" time="0.0">
    <ignored/>
  </testcase> <!-- clickPasswordTest -->
  <testcase classname="pagesTest.HomePageTest" name="clickLoginButtonTest" time="0.0">
    <ignored/>
  </testcase> <!-- clickLoginButtonTest -->
</testsuite> <!-- Default test -->
