<?xml version="1.0" encoding="UTF-8"?>
<testng-results ignored="26" total="27" passed="1" failed="0" skipped="0">
  <reporter-output>
  </reporter-output>
  <suite started-at="2023-11-14T21:42:35 EST" name="Default suite" finished-at="2023-11-14T21:42:58 EST" duration-ms="23137">
    <groups>
    </groups>
    <test started-at="2023-11-14T21:42:35 EST" name="Default test" finished-at="2023-11-14T21:42:58 EST" duration-ms="23137">
      <class name="pagesTest.HomePageTest">
        <test-method is-config="true" signature="setUP()[pri:0, instance:pagesTest.HomePageTest@32502377]" started-at="2023-11-14T21:42:35 EST" name="setUP" finished-at="2023-11-14T21:42:42 EST" duration-ms="6588" status="PASS">
          <reporter-output>
          </reporter-output>
        </test-method> <!-- setUP -->
        <test-method signature="use_of_isEnabled_in_login_button02()[pri:0, instance:pagesTest.HomePageTest@32502377]" started-at="2023-11-14T21:42:42 EST" name="use_of_isEnabled_in_login_button02" finished-at="2023-11-14T21:42:58 EST" duration-ms="16365" status="PASS">
          <reporter-output>
          </reporter-output>
        </test-method> <!-- use_of_isEnabled_in_login_button02 -->
        <test-method is-config="true" signature="tearUp()[pri:0, instance:pagesTest.HomePageTest@32502377]" started-at="2023-11-14T21:42:58 EST" name="tearUp" finished-at="2023-11-14T21:42:58 EST" duration-ms="156" status="PASS">
          <reporter-output>
          </reporter-output>
        </test-method> <!-- tearUp -->
      </class> <!-- pagesTest.HomePageTest -->
    </test> <!-- Default test -->
  </suite> <!-- Default suite -->
</testng-results>
