<?xml version="1.0" encoding="UTF-8"?>
<testng-results ignored="4" total="5" passed="1" failed="0" skipped="0">
  <reporter-output>
  </reporter-output>
  <suite started-at="2023-11-07T21:37:33 EST" name="Default suite" finished-at="2023-11-07T21:37:44 EST" duration-ms="10998">
    <groups>
    </groups>
    <test started-at="2023-11-07T21:37:33 EST" name="Default test" finished-at="2023-11-07T21:37:44 EST" duration-ms="10998">
      <class name="pagesTest.HomePageTest">
        <test-method is-config="true" signature="setUP()[pri:0, instance:pagesTest.HomePageTest@5b03b9fe]" started-at="2023-11-07T21:37:33 EST" name="setUP" finished-at="2023-11-07T21:37:42 EST" duration-ms="9796" status="PASS">
          <reporter-output>
          </reporter-output>
        </test-method> <!-- setUP -->
        <test-method signature="clickLogoTest()[pri:0, instance:pagesTest.HomePageTest@5b03b9fe]" started-at="2023-11-07T21:37:42 EST" name="clickLogoTest" finished-at="2023-11-07T21:37:43 EST" duration-ms="1046" status="PASS">
          <reporter-output>
          </reporter-output>
        </test-method> <!-- clickLogoTest -->
        <test-method is-config="true" signature="tearUp()[pri:0, instance:pagesTest.HomePageTest@5b03b9fe]" started-at="2023-11-07T21:37:43 EST" name="tearUp" finished-at="2023-11-07T21:37:44 EST" duration-ms="129" status="PASS">
          <reporter-output>
          </reporter-output>
        </test-method> <!-- tearUp -->
      </class> <!-- pagesTest.HomePageTest -->
    </test> <!-- Default test -->
  </suite> <!-- Default suite -->
</testng-results>
